Log file open, 11/23/18 14:49:54
LogWindows: Failed to load 'aqProf.dll' (GetLastError=126)
LogWindows: File 'aqProf.dll' does not exist
LogWindows: Failed to load 'VSPerf140.dll' (GetLastError=126)
LogWindows: File 'VSPerf140.dll' does not exist
LogWindows: Failed to load 'VtuneApi.dll' (GetLastError=126)
LogWindows: File 'VtuneApi.dll' does not exist
LogWindows: Failed to load 'VtuneApi32e.dll' (GetLastError=126)
LogWindows: File 'VtuneApi32e.dll' does not exist
LogInit: Display: Running engine for game: Starcraft_Ghost
LogPlatformFile: Not using cached read wrapper
LogInit: Display: RandInit(-1807311525) SRandInit(-1807311525).
LogTaskGraph: Started task graph with 5 named threads and 14 total threads with 3 sets of task threads.
LogStats: Stats thread started at 1.396148
LogD3D11RHI: Aftermath initialized
LogPluginManager: Mounting plugin Paper2D
LogPluginManager: Mounting plugin LightPropagationVolume
LogPluginManager: Mounting plugin CodeLiteSourceCodeAccess
LogPluginManager: Mounting plugin GitSourceControl
LogPluginManager: Mounting plugin KDevelopSourceCodeAccess
LogPluginManager: Mounting plugin NullSourceCodeAccess
LogPluginManager: Mounting plugin PerforceSourceControl
LogPluginManager: Mounting plugin SubversionSourceControl
LogPluginManager: Mounting plugin UObjectPlugin
LogPluginManager: Mounting plugin VisualStudioSourceCodeAccess
LogPluginManager: Mounting plugin XCodeSourceCodeAccess
LogPluginManager: Mounting plugin AssetManagerEditor
LogPluginManager: Mounting plugin AudioCapture
LogPluginManager: Mounting plugin FacialAnimation
LogPluginManager: Mounting plugin GameplayTagsEditor
LogPluginManager: Mounting plugin MobileLauncherProfileWizard
LogPluginManager: Mounting plugin PluginBrowser
LogPluginManager: Mounting plugin SpeedTreeImporter
LogPluginManager: Mounting plugin AlembicImporter
LogPluginManager: Mounting plugin CharacterAI
LogPluginManager: Mounting plugin HTML5Networking
LogPluginManager: Mounting plugin AndroidMedia
LogPluginManager: Mounting plugin AvfMedia
LogPluginManager: Mounting plugin MediaPlayerEditor
LogPluginManager: Mounting plugin WmfMedia
LogPluginManager: Mounting plugin TcpMessaging
LogPluginManager: Mounting plugin UdpMessaging
LogPluginManager: Mounting plugin LevelSequenceEditor
LogPluginManager: Mounting plugin MatineeToLevelSequence
LogPluginManager: Mounting plugin OnlineSubsystemGooglePlay
LogPluginManager: Mounting plugin OnlineSubsystemIOS
LogPluginManager: Mounting plugin OnlineSubsystem
LogPluginManager: Mounting plugin OnlineSubsystemNull
LogPluginManager: Mounting plugin OnlineSubsystemUtils
LogPluginManager: Mounting plugin AndroidDeviceProfileSelector
LogPluginManager: Mounting plugin AndroidMoviePlayer
LogPluginManager: Mounting plugin AndroidPermission
LogPluginManager: Mounting plugin AppleMoviePlayer
LogPluginManager: Mounting plugin ArchVisCharacter
LogPluginManager: Mounting plugin CableComponent
LogPluginManager: Mounting plugin CustomMeshComponent
LogPluginManager: Mounting plugin ExampleDeviceProfileSelector
LogPluginManager: Mounting plugin GoogleCloudMessaging
LogPluginManager: Mounting plugin ImmediatePhysics
LogPluginManager: Mounting plugin IOSDeviceProfileSelector
LogPluginManager: Mounting plugin LinuxDeviceProfileSelector
LogPluginManager: Mounting plugin LocationServicesBPLibrary
LogPluginManager: Mounting plugin MobilePatchingUtils
LogPluginManager: Mounting plugin OculusVR
LogPluginManager: Mounting plugin PhysXVehicles
LogPluginManager: Mounting plugin ProceduralMeshComponent
LogPluginManager: Mounting plugin RuntimePhysXCooking
LogPluginManager: Mounting plugin SteamVR
LogPluginManager: Mounting plugin WindowsMoviePlayer
LogInit: Using libcurl 7.47.1
LogInit:  - built for x86_64-pc-win32
LogInit:  - supports SSL with OpenSSL/1.0.2g
LogInit:  - supports HTTP deflate (compression) using libz 1.2.8
LogInit:  - other features:
LogInit:      CURL_VERSION_SSL
LogInit:      CURL_VERSION_LIBZ
LogInit:      CURL_VERSION_IPV6
LogInit:      CURL_VERSION_ASYNCHDNS
LogInit:      CURL_VERSION_LARGEFILE
LogInit:      CURL_VERSION_IDN
LogInit:  CurlRequestOptions (configurable via config and command line):
LogInit:  - bVerifyPeer = false  - Libcurl will NOT verify peer certificate
LogInit:  - bUseHttpProxy = false  - Libcurl will NOT use HTTP proxy
LogInit:  - bDontReuseConnections = false  - Libcurl will reuse connections
LogInit:  - CertBundlePath = nullptr  - Libcurl will use whatever was configured at build time.
LogInit: Build: ++UE4+Release-4.17-CL-3658906
LogInit: Engine Version: 4.17.2-3658906+++UE4+Release-4.17
LogInit: Compatible Engine Version: 4.17.0-3573198+++UE4+Release-4.17
LogInit: Net CL: 3573198
LogDevObjectVersion: Number of dev versions registered: 16
LogDevObjectVersion:   Dev-Blueprints (B0D832E4-1F89-4F0D-ACCF-7EB736FD4AA2): 10
LogDevObjectVersion:   Dev-Build (E1C64328-A22C-4D53-A36C-8E866417BD8C): 0
LogDevObjectVersion:   Dev-Core (375EC13C-06E4-48FB-B500-84F0262A717E): 2
LogDevObjectVersion:   Dev-Editor (E4B068ED-F494-42E9-A231-DA0B2E46BB41): 20
LogDevObjectVersion:   Dev-Framework (CFFC743F-43B0-4480-9391-14DF171D2073): 28
LogDevObjectVersion:   Dev-Mobile (B02B49B5-BB20-44E9-A304-32B752E40360): 0
LogDevObjectVersion:   Dev-Networking (A4E4105C-59A1-49B5-A7C5-40C4547EDFEE): 0
LogDevObjectVersion:   Dev-Online (39C831C9-5AE6-47DC-9A44-9C173E1C8E7C): 0
LogDevObjectVersion:   Dev-Physics (78F01B33-EBEA-4F98-B9B4-84EACCB95AA2): 0
LogDevObjectVersion:   Dev-Platform (6631380F-2D4D-43E0-8009-CF276956A95A): 0
LogDevObjectVersion:   Dev-Rendering (12F88B9F-8875-4AFC-A67C-D90C383ABD29): 19
LogDevObjectVersion:   Dev-Sequencer (7B5AE74C-D270-4C10-A958-57980B212A5A): 4
LogDevObjectVersion:   Dev-VR (D7296918-1DD6-4BDD-9DE2-64A83CC13884): 0
LogDevObjectVersion:   Dev-LoadTimes (C2A15278-BFE7-4AFE-6C17-90FF531DF755): 1
LogDevObjectVersion:   Private-Geometry (6EACA3D4-40EC-4CC1-B786-8BED09428FC5): 1
LogDevObjectVersion:   Dev-AnimPhys (29E575DD-E0A3-4627-9D10-D276232CDCEA): 7
LogInit: Compiled (64-bit): Sep 22 2017 13:47:16
LogInit: Compiled with Visual C++: 19.00.24215.01
LogInit: Build Configuration: Development
LogInit: Branch Name: ++UE4+Release-4.17
LogInit: Command line: 
LogInit: Base directory: C:/Development_tools/Game_Development/UE_4.17/Engine/Binaries/Win64/
LogInit: Installed Engine Build: 1
LogInit: Presizing for max 8388607 objects, including 0 objects not considered by GC, pre-allocating 0 bytes for permanent pool.
LogInit: Object subsystem initialized
[2018.11.23-12.49.56:311][  0]LogInit: Selected Device Profile: [Windows]
[2018.11.23-12.49.56:311][  0]LogInit: Applying CVar settings loaded from the selected device profile: [Windows]
[2018.11.23-12.49.56:693][  0]LogInit: Computer: DESKTOP-HEC313S
[2018.11.23-12.49.56:693][  0]LogInit: User: Gamer
[2018.11.23-12.49.56:693][  0]LogInit: CPU Page size=4096, Cores=4
[2018.11.23-12.49.56:693][  0]LogInit: High frequency timer resolution =3.020350 MHz
[2018.11.23-12.49.56:693][  0]LogMemory: Memory total: Physical=7.9GB (8GB approx)
[2018.11.23-12.49.56:693][  0]LogMemory: Platform Memory Stats for Windows
[2018.11.23-12.49.56:693][  0]LogMemory: Process Physical Memory: 278.52 MB used, 278.52 MB peak
[2018.11.23-12.49.56:693][  0]LogMemory: Process Virtual Memory: 282.33 MB used, 282.33 MB peak
[2018.11.23-12.49.56:693][  0]LogMemory: Physical Memory: 6796.60 MB used,  1274.40 MB free, 8071.00 MB total
[2018.11.23-12.49.56:693][  0]LogMemory: Virtual Memory: 4797.55 MB used,  1274.40 MB free, 134217728.00 MB total
[2018.11.23-12.49.58:002][  0]LogInit: Using OS detected language (en-US).
[2018.11.23-12.49.58:002][  0]LogInit: Using OS detected locale (en-ZA).
[2018.11.23-12.49.58:616][  0]LogTextLocalizationManager: No specific localization for 'en-US' exists, so the 'en' localization will be used.
[2018.11.23-12.50.10:224][  0]LogD3D11RHI: D3D11 adapters:
[2018.11.23-12.50.10:233][  0]LogD3D11RHI:    0. 'Intel(R) HD Graphics 4600' (Feature Level 11_0)
[2018.11.23-12.50.10:233][  0]LogD3D11RHI:       112/0/2048 MB DedicatedVideo/DedicatedSystem/SharedSystem, Outputs:1, VendorId:0x8086
[2018.11.23-12.50.11:494][  0]LogD3D11RHI:    1. 'NVIDIA GeForce GTX 560' (Feature Level 11_0)
[2018.11.23-12.50.11:495][  0]LogD3D11RHI:       969/0/4035 MB DedicatedVideo/DedicatedSystem/SharedSystem, Outputs:1, VendorId:0x10de
[2018.11.23-12.50.11:596][  0]LogD3D11RHI:    2. 'Microsoft Basic Render Driver' (Feature Level 11_0)
[2018.11.23-12.50.11:596][  0]LogD3D11RHI:       0/0/4035 MB DedicatedVideo/DedicatedSystem/SharedSystem, Outputs:0, VendorId:0x1414
[2018.11.23-12.50.11:596][  0]LogD3D11RHI: Chosen D3D11 Adapter: 1
[2018.11.23-12.50.11:604][  0]LogD3D11RHI: Creating new Direct3DDevice
[2018.11.23-12.50.11:604][  0]LogD3D11RHI:     GPU DeviceId: 0x1201 (for the marketing name, search the web for "GPU Device Id")
[2018.11.23-12.50.11:604][  0]LogWindows: EnumDisplayDevices:
[2018.11.23-12.50.11:605][  0]LogWindows:    0. 'NVIDIA GeForce GTX 560' (P:0 D:1)
[2018.11.23-12.50.11:605][  0]LogWindows:    1. 'NVIDIA GeForce GTX 560' (P:0 D:0)
[2018.11.23-12.50.11:605][  0]LogWindows:    2. 'Intel(R) HD Graphics 4600' (P:1 D:1)
[2018.11.23-12.50.11:605][  0]LogWindows:    3. 'Intel(R) HD Graphics 4600' (P:0 D:0)
[2018.11.23-12.50.11:605][  0]LogWindows:    4. 'Intel(R) HD Graphics 4600' (P:0 D:0)
[2018.11.23-12.50.11:606][  0]LogWindows: DebugString: GetVideoDriverDetailsInvalid PrimaryIsNotTheChoosenAdapter GetVideoDriverDetailsInvalid PrimaryIsNotTheChoosenAdapter GetVideoDriverDetailsInvalid PrimaryIsNotTheChoosenAdapter GetVideoDriverDetailsInvalid PrimaryIsNotTheChoosenAdapter GetVideoDriverDetailsInvalid PrimaryIsNotTheChoosenAdapter FoundDriverCount:0 
[2018.11.23-12.50.11:606][  0]LogD3D11RHI:     Adapter Name: NVIDIA GeForce GTX 560
[2018.11.23-12.50.11:606][  0]LogD3D11RHI:   Driver Version: Unknown (internal:Unknown, unified:Unknown)
[2018.11.23-12.50.11:606][  0]LogD3D11RHI:      Driver Date: Unknown
[2018.11.23-12.50.11:606][  0]LogRHI: Texture pool is 678 MB (70% of 969 MB)
[2018.11.23-12.50.11:640][  0]LogD3D11RHI: Display: Timestamp queries are currently disabled on this hardware due to instability. Realtime GPU stats will not be available. You can override this behaviour by setting r.NVIDIATimestampWorkaround to 0
[2018.11.23-12.50.11:640][  0]LogD3D11RHI: Async texture creation enabled
[2018.11.23-12.50.11:658][  0]LogD3D11RHI: GPU Timing Frequency: 1000.000000 (Debug: 2 2)
[2018.11.23-12.50.11:660][  0]LogShaderCompilers: Guid format shader working directory is -25 characters bigger than the processId version (../../../../../../Users/Gamer/Documents/Unreal Projects/Starcraft_Ghost/Intermediate/Shaders/WorkingDirectory/1896/).
[2018.11.23-12.50.11:660][  0]LogShaderCompilers: Cleaned the shader compiler working directory 'C:/Users/Gamer/AppData/Local/Temp/UnrealShaderWorkingDir/BA624F8B43AAE107FAF4398898A367F7/'.
[2018.11.23-12.50.11:660][  0]LogShaderCompilers: Display: Using Local Shader Compiler.
[2018.11.23-12.50.20:336][  0]LogTemp: Display: Loaded TP AllDesktopTargetPlatform
[2018.11.23-12.50.20:453][  0]LogTemp: Display: Loaded TP MacClientTargetPlatform
[2018.11.23-12.50.20:564][  0]LogTemp: Display: Loaded TP MacNoEditorTargetPlatform
[2018.11.23-12.50.20:668][  0]LogTemp: Display: Loaded TP MacServerTargetPlatform
[2018.11.23-12.50.20:990][  0]LogTemp: Display: Loaded TP MacTargetPlatform
[2018.11.23-12.50.21:101][  0]LogTemp: Display: Loaded TP WindowsClientTargetPlatform
[2018.11.23-12.50.21:232][  0]LogTemp: Display: Loaded TP WindowsNoEditorTargetPlatform
[2018.11.23-12.50.21:337][  0]LogTemp: Display: Loaded TP WindowsServerTargetPlatform
[2018.11.23-12.50.21:454][  0]LogTemp: Display: Loaded TP WindowsTargetPlatform
[2018.11.23-12.50.21:611][  0]LogTemp: Display: Loaded TP AndroidTargetPlatform
[2018.11.23-12.50.21:723][  0]LogTemp: Display: Loaded TP Android_ASTCTargetPlatform
[2018.11.23-12.50.21:860][  0]LogTemp: Display: Loaded TP Android_ATCTargetPlatform
[2018.11.23-12.50.21:951][  0]LogTemp: Display: Loaded TP Android_DXTTargetPlatform
[2018.11.23-12.50.22:064][  0]LogTemp: Display: Loaded TP Android_ETC1TargetPlatform
[2018.11.23-12.50.22:142][  0]LogTemp: Display: Loaded TP Android_ETC2TargetPlatform
[2018.11.23-12.50.22:438][  0]LogTemp: Display: Loaded TP Android_MultiTargetPlatform
[2018.11.23-12.50.22:438][  0]LogTemp: Display: Loaded TP Android_PVRTCTargetPlatform
[2018.11.23-12.50.22:529][  0]LogTemp: Display: Loaded TP HTML5TargetPlatform
[2018.11.23-12.50.22:934][  0]LogTemp: Display: Loaded TP IOSTargetPlatform
[2018.11.23-12.50.22:975][  0]LogTemp: Display: Loaded TP TVOSTargetPlatform
[2018.11.23-12.50.23:081][  0]LogTemp: Display: Loaded TP LinuxClientTargetPlatform
[2018.11.23-12.50.23:192][  0]LogTemp: Display: Loaded TP LinuxNoEditorTargetPlatform
[2018.11.23-12.50.23:286][  0]LogTemp: Display: Loaded TP LinuxServerTargetPlatform
[2018.11.23-12.50.23:463][  0]LogTemp: Display: Loaded TP LinuxTargetPlatform
[2018.11.23-12.50.23:463][  0]LogTargetPlatformManager: Display: Building Assets For Windows
[2018.11.23-12.50.26:029][  0]LogDerivedDataCache: Display: Max Cache Size: 512 MB
[2018.11.23-12.50.26:126][  0]LogDerivedDataCache: Loaded boot cache 0.10s 93MB C:/Users/Gamer/AppData/Local/UnrealEngine/4.17/DerivedDataCache/Boot.ddc.
[2018.11.23-12.50.26:126][  0]LogDerivedDataCache: Display: Loaded Boot cache: C:/Users/Gamer/AppData/Local/UnrealEngine/4.17/DerivedDataCache/Boot.ddc
[2018.11.23-12.50.26:126][  0]LogDerivedDataCache: FDerivedDataBackendGraph:  Pak pak cache file ../../../../../../Users/Gamer/Documents/Unreal Projects/Starcraft_Ghost/DerivedDataCache/DDC.ddp not found, will not use a pak cache.
[2018.11.23-12.50.26:126][  0]LogDerivedDataCache: Unable to find inner node Pak for hierarchical cache Hierarchy.
[2018.11.23-12.50.26:126][  0]LogDerivedDataCache: FDerivedDataBackendGraph:  CompressedPak pak cache file ../../../../../../Users/Gamer/Documents/Unreal Projects/Starcraft_Ghost/DerivedDataCache/Compressed.ddp not found, will not use a pak cache.
[2018.11.23-12.50.26:126][  0]LogDerivedDataCache: Unable to find inner node CompressedPak for hierarchical cache Hierarchy.
[2018.11.23-12.50.26:145][  0]LogDerivedDataCache: Display: Pak cache opened for reading ../../../Engine/DerivedDataCache/Compressed.ddp.
[2018.11.23-12.50.26:159][  0]LogDerivedDataCache: Using Local data cache path C:/Users/Gamer/AppData/Local/UnrealEngine/Common/DerivedDataCache: Writable
[2018.11.23-12.50.26:171][  0]LogMaterial: Verifying Global Shaders for PCD3D_SM5
[2018.11.23-12.50.26:171][  0]LogSlate: Using Freetype 2.6.0
[2018.11.23-12.50.26:237][  0]LogSlate: SlateFontCache - WITH_FREETYPE: 1, WITH_HARFBUZZ: 1
[2018.11.23-12.50.26:237][  0]LogSlate: SlateFontCache - WITH_FREETYPE: 1, WITH_HARFBUZZ: 1
[2018.11.23-12.50.33:521][  0]LogAssetRegistry: FAssetRegistry took 0.0266 seconds to start up
[2018.11.23-12.50.33:679][  0]LogInit: Selected Device Profile: [Windows]
[2018.11.23-12.50.33:870][  0]LogContentStreaming: Texture pool size is 0.00 MB
[2018.11.23-12.50.35:528][  0]LogSimplygon: Simplygon DLL not present - disabling.
[2018.11.23-12.50.35:670][  0]LogMeshReduction: Using SimplygonSwarm for distributed automatic mesh merging
[2018.11.23-12.50.35:670][  0]LogMeshReduction: Using QuadricMeshReduction for automatic static mesh reduction
[2018.11.23-12.50.35:670][  0]LogMeshReduction: No automatic skeletal mesh reduction module available
[2018.11.23-12.50.35:670][  0]LogMeshReduction: No automatic mesh merging module available
[2018.11.23-12.50.35:670][  0]LogMeshMerging: No automatic mesh merging module available
[2018.11.23-12.50.36:107][  0]LogNetVersion: Starcraft_Ghost , NetCL: 3573198, EngineNetVer: 2, GameNetVer: 0 (Checksum: 441914099)
[2018.11.23-12.50.36:798][  0]LogPackageLocalizationCache: Processed 5 localized package path(s) for 2 prioritized culture(s) in 0.456795 seconds
[2018.11.23-12.50.36:805][  0]LogUObjectArray: 35825 objects as part of root set at end of initial load.
[2018.11.23-12.50.36:805][  0]LogUObjectAllocator: 7529104 out of 0 bytes used by permanent object pool.
[2018.11.23-12.50.36:805][  0]LogUObjectArray: CloseDisregardForGC: 0/0 objects in disregard for GC pool
[2018.11.23-12.50.36:925][  0]LogInit: WinSock: version 1.1 (2.2), MaxSocks=32767, MaxUdp=65467
[2018.11.23-12.51.24:655][  0]LogTcpMessaging: Initializing TcpMessaging bridge
[2018.11.23-12.51.24:711][  0]LogUdpMessaging: Initializing bridge on interface 0.0.0.0:0 to multicast group 230.0.0.1:6666.
[2018.11.23-12.51.26:293][  0]LogMaterial: Uniform references updated for custom material expression Custom.
[2018.11.23-12.51.27:155][  0]SourceControl: Source control is disabled
[2018.11.23-12.51.27:155][  0]SourceControl: Source control is disabled
[2018.11.23-12.51.27:233][  0]SourceControl: Source control is disabled
[2018.11.23-12.51.27:311][  0]SourceControl: Source control is disabled
[2018.11.23-12.51.28:530][  0]LogAndroidPermission: UAndroidPermissionCallbackProxy::GetInstance
[2018.11.23-12.51.28:927][  0]LogOcInput: OculusInput pre-init called
[2018.11.23-12.51.29:359][  0]LogEngine: Initializing Engine...
[2018.11.23-12.51.29:362][  0]LogHMD: Failed to initialize OpenVR with code 110
[2018.11.23-12.51.29:657][  0]LogStats: UGameplayTagsManager::ConstructGameplayTagTree: Construct from data asset -  0.000 s
[2018.11.23-12.51.29:657][  0]LogStats: UGameplayTagsManager::ConstructGameplayTagTree: GameplayTagTreeChangedEvent.Broadcast -  0.000 s
[2018.11.23-12.51.29:975][  0]LogAIModule: Creating AISystem for world Untitled
[2018.11.23-12.51.29:996][  0]LogInit: XAudio2 using 'Speakers (USB PnP Sound Device)' : 2 channels at 48 kHz using 16 bits per sample (channel mask 0x3)
[2018.11.23-12.51.30:016][  0]LogInit: FAudioDevice initialized.
[2018.11.23-12.51.31:800][  0]LogDerivedDataCache: Saved boot cache 1.78s 93MB C:/Users/Gamer/AppData/Local/UnrealEngine/4.17/DerivedDataCache/Boot.ddc.
[2018.11.23-12.51.31:809][  0]LogInit: Texture streaming: Enabled
[2018.11.23-12.51.31:988][  0]LogEngineSessionManager: EngineSessionManager initialized
[2018.11.23-12.51.32:751][  0]LogInit: Transaction tracking system initialized
[2018.11.23-12.51.33:269][  0]BlueprintLog: New page: Editor Load
[2018.11.23-12.51.34:863][  0]LocalizationService: Localization service is disabled
[2018.11.23-12.51.37:335][  0]LogConsoleResponse: Display: 
[2018.11.23-12.51.37:823][  0]LogFileCache: Scanning file cache for directory 'C:/Users/Gamer/Documents/Unreal Projects/Starcraft_Ghost/Content/' took 0.02s
[2018.11.23-12.51.37:823][  0]LogCook: Display: Max memory allowance for cook 16384mb min free memory 0mb
[2018.11.23-12.51.37:823][  0]LogCook: Display: Mobile HDR setting 1
[2018.11.23-12.51.37:823][  0]LogGameplayTags: Display: UGameplayTagsManager::DoneAddingNativeTags. DelegateIsBound: 0
[2018.11.23-12.51.40:141][  0]SourceControl: Source control is disabled
[2018.11.23-12.51.40:141][  0]Cmd: MAP LOAD FILE="../../../../../../Users/Gamer/Documents/Unreal Projects/Starcraft_Ghost/Content/ThirdPersonBP/Maps/ThirdPersonExampleMap.umap" TEMPLATE=0 SHOWPROGRESS=1 FEATURELEVEL=3
[2018.11.23-12.51.40:142][  0]LightingResults: New page: Lighting Build
[2018.11.23-12.51.40:213][  0]MapCheck: New page: Map Check
[2018.11.23-12.51.40:213][  0]LightingResults: New page: Lighting Build
[2018.11.23-12.51.48:403][  0]LogTexture: Display: Building textures: HQ_Lightmap1_1 (AutoDXT, 1024X1024)
[2018.11.23-12.51.48:403][  0]LogTexture: Display: Building textures: HQ_Lightmap1_2 (AutoDXT, 512X512)
[2018.11.23-12.51.48:403][  0]LogTexture: Display: Building textures: HQ_Lightmap1_3 (AutoDXT, 64X64)
[2018.11.23-12.51.48:403][  0]LogTexture: Display: Building textures: LQ_Lightmap_1_1 (DXT1, 1024X1024)
[2018.11.23-12.51.49:591][  0]LogTexture: Display: Building textures: LQ_Lightmap_1_2 (DXT1, 512X512)
[2018.11.23-12.51.49:591][  0]LogTexture: Display: Building textures: LQ_Lightmap_1_3 (DXT1, 64X64)
[2018.11.23-12.51.49:591][  0]LogTexture: Display: Building textures: SkyOcclusion1_1 (AutoDXT, 1024X512)
[2018.11.23-12.51.49:591][  0]LogTexture: Display: Building textures: SkyOcclusion1_2 (AutoDXT, 512X256)
[2018.11.23-12.51.49:591][  0]LogTexture: Display: Building textures: SkyOcclusion1_3 (AutoDXT, 64X32)
[2018.11.23-12.51.49:591][  0]LogTexture: Display: Building textures: ShadowMapTexture2D_2 (G8, 1024X1024)
[2018.11.23-12.51.49:591][  0]LogTexture: Display: Building textures: ShadowMapTexture2D_3 (G8, 32X32)
[2018.11.23-12.51.53:479][  0]LogAIModule: Creating AISystem for world ThirdPersonExampleMap
[2018.11.23-12.51.55:384][  0]LogEditorServer: Finished looking for orphan Actors (0.000 secs)
[2018.11.23-12.51.55:798][  0]Cmd: MAP CHECKDEP NOCLEARLOG
[2018.11.23-12.51.55:913][  0]MapCheck: Map check complete: 0 Error(s), 0 Warning(s), took 115,049ms to complete.
[2018.11.23-12.51.55:913][  0]LogFileHelpers: Loading map 'ThirdPersonExampleMap' took 15.772
[2018.11.23-12.52.03:442][  0]LogCollectionManager: Loaded 0 collections in 0.029933 seconds
[2018.11.23-12.52.04:582][  0]LogFileCache: Scanning file cache for directory 'C:/Users/Gamer/Documents/Unreal Projects/Starcraft_Ghost/Saved/Collections/' took 0.01s
[2018.11.23-12.52.04:582][  0]LogFileCache: Scanning file cache for directory 'C:/Users/Gamer/Documents/Unreal Projects/Starcraft_Ghost/Content/Developers/Gamer/Collections/' took 0.01s
[2018.11.23-12.52.04:582][  0]LogFileCache: Scanning file cache for directory 'C:/Users/Gamer/Documents/Unreal Projects/Starcraft_Ghost/Content/Collections/' took 0.01s
[2018.11.23-12.52.04:582][  0]LogCollectionManager: Rebuilt the GUID cache for 0 collections in 0.000000 seconds
[2018.11.23-12.52.04:633][  0]LogContentBrowser: Native class hierarchy populated in 0.0337 seconds. Added 2386 classes and 500 folders.
[2018.11.23-12.52.05:176][  0]LogContentBrowser: Native class hierarchy updated for 'WidgetCarousel' in 0.0008 seconds. Added 0 classes and 0 folders.
[2018.11.23-12.52.10:345][  0]LogContentBrowser: Native class hierarchy updated for 'AddContentDialog' in 0.0008 seconds. Added 0 classes and 0 folders.
[2018.11.23-12.52.12:796][  0]LogContentBrowser: Native class hierarchy updated for 'SceneOutliner' in 0.0008 seconds. Added 1 classes and 2 folders.
[2018.11.23-12.52.17:280][  0]LogSlate: Took 0.030751 seconds to synchronously load lazily loaded font '../../../Engine/Content/Slate/Fonts/Roboto-Regular.ttf' (155K)
[2018.11.23-12.52.17:495][  0]LogSlate: Took 0.036733 seconds to synchronously load lazily loaded font '../../../Engine/Content/Slate/Fonts/Roboto-Bold.ttf' (160K)
[2018.11.23-12.52.18:148][  0]LogSlate: Took 0.027068 seconds to synchronously load lazily loaded font '../../../Engine/Content/Editor/Slate/Fonts/FontAwesome.ttf' (139K)
[2018.11.23-12.52.18:216][  0]LogSlate: Took 0.013381 seconds to synchronously load lazily loaded font '../../../Engine/Content/Editor/Slate/Fonts/DroidSansMono.ttf' (77K)
[2018.11.23-12.52.21:133][  0]LogRenderer: Reallocating scene render targets to support 1208x576 Format 9 NumSamples 1 (Frame:1).
[2018.11.23-12.52.25:585][  0]LogContentBrowser: Native class hierarchy updated for 'HierarchicalLODOutliner' in 0.0008 seconds. Added 1 classes and 2 folders.
[2018.11.23-12.52.25:585][  0]LogLoad: (Engine Initialization) Total time: 156.03 seconds
[2018.11.23-12.52.25:585][  0]LogLoad: (Engine Initialization) Total Blueprint compile time: 0.00 seconds
[2018.11.23-12.52.25:585][  0]LogExternalProfiler: No external profilers were discovered.  External profiling features will not be available.
[2018.11.23-12.52.26:385][  0]LogContentStreaming: Texture pool size now 600 MB
[2018.11.23-12.52.27:229][  3]LogAssetRegistry: Asset discovery search completed in 113.7301 seconds
[2018.11.23-12.52.27:232][  3]LogCollectionManager: Rebuilt the object cache for 0 collections in 0.000001 seconds (found 0 objects)
[2018.11.23-12.52.27:232][  3]LogCollectionManager: Fixed up redirectors for 0 collections in 0.000236 seconds (updated 0 objects)
[2018.11.23-12.52.30:763][ 11]LogSlate: Took 0.062057 seconds to synchronously load lazily loaded font '../../../Engine/Content/Slate/Fonts/Roboto-Light.ttf' (159K)
[2018.11.23-12.52.45:675][336]MapCheck: New page: Map Check
[2018.11.23-12.52.46:494][336]Cmd: MAP REBUILD ALLVISIBLE
[2018.11.23-12.52.46:581][336]LogEditorServer: Rebuildmap Clear paths rebuilt
[2018.11.23-12.52.49:788][336]LogMaterial: Missing cached shader map for material FDebugViewModeMaterialProxy WorldGridMaterial, compiling. Is special engine material.
[2018.11.23-12.52.50:412][336]LogMaterial: Missing cached shader map for material FDebugViewModeMaterialProxy MaterialInstanceDynamic_1, compiling. 
[2018.11.23-12.52.50:584][336]LogMaterial: Missing cached shader map for material FDebugViewModeMaterialProxy HelpActorMaterial, compiling. 
[2018.11.23-12.52.50:717][336]LogMaterial: Missing cached shader map for material FDebugViewModeMaterialProxy RampMaterial, compiling. 
[2018.11.23-12.52.50:844][336]LogMaterial: Missing cached shader map for material FDebugViewModeMaterialProxy CubeMaterial, compiling. 
[2018.11.23-12.52.50:926][336]LogMaterial: Missing cached shader map for material FDebugViewModeMaterialProxy DefaultTextMaterialOpaque, compiling. 
[2018.11.23-12.52.51:181][336]LogMaterial: Missing cached shader map for material FDebugViewModeMaterialProxy M_UE4Man_Body, compiling. 
[2018.11.23-12.52.51:281][336]LogMaterial: Missing cached shader map for material FDebugViewModeMaterialProxy M_UE4Man_ChestLogo, compiling. 
[2018.11.23-12.52.51:385][336]LogMaterial: Missing cached shader map for material FDebugViewModeMaterialProxy BasicShapeMaterial, compiling. 
[2018.11.23-12.52.51:463][336]LogMaterial: Missing cached shader map for material FDebugViewModeMaterialProxy MatineeCam_mat, compiling. 
[2018.11.23-12.53.03:819][336]TextureStreamingBuild: Display: Compiling optional shaders took 14.259 seconds.
[2018.11.23-12.53.04:353][336]LogLevel: Display: Export Material TexCoord Scales took 0.533 seconds.
[2018.11.23-12.53.04:490][336]TextureStreamingBuild: Display: Build Texture Streaming took 0.008 seconds.
[2018.11.23-12.53.05:365][336]LightingResults: New page: Lighting Build - 23 Nov 2018, 4:53:04 PM
[2018.11.23-12.53.09:509][336]LogSwarmInterface: [OpenConnection] Registering TCP channel ...
[2018.11.23-12.53.12:790][336]LogSwarmInterface: [OpenConnection] Connecting to agent ...
[2018.11.23-12.53.13:064][336]LogSwarmInterface: [TryOpenConnection] Testing the Agent
[2018.11.23-12.53.17:909][336]LogSwarmInterface: Error: [TryOpenConnection] Waiting for the agent to start up ...
[2018.11.23-12.53.18:210][336]LogSwarmInterface: Error: System.Net.Sockets.SocketException (0x80004005): No connection could be made because the target machine actively refused it 127.0.0.1:8008

Server stack trace: 
   at System.Net.Sockets.Socket.DoConnect(EndPoint endPointSnapshot, SocketAddress socketAddress)
   at System.Net.Sockets.Socket.Connect(EndPoint remoteEP)
   at System.Runtime.Remoting.Channels.RemoteConnection.CreateNewSocket(EndPoint ipEndPoint)
   at System.Runtime.Remoting.Channels.SocketCache.GetSocket(String machinePortAndSid, Boolean openNew)
   at System.Runtime.Remoting.Channels.Tcp.TcpClientTransportSink.SendRequestWithRetry(IMessage msg, ITransportHeaders requestHeaders, Stream requestStream)
   at System.Runtime.Remoting.Channels.Tcp.TcpClientTransportSink.AsyncProcessRequest(IClientChannelSinkStack sinkStack, IMessage msg, ITransportHeaders headers, Stream stream)
   at System.Runtime.Remoting.Channels.BinaryClientFormatterSink.AsyncProcessMessage(IMessage msg, IMessageSink replySink)

Exception rethrown at [0]: 
   at System.Runtime.Remoting.Proxies.RealProxy.HandleReturnMessage(IMessage reqMsg, IMessage retMsg)
   at System.Runtime.Remoting.Proxies.RealProxy.PrivateInvoke(MessageData& msgData, Int32 type)
   at NSwarm.IAgentInterfaceWrapper.MethodDelegate.EndInvoke(Hashtable& OutParameters, IAsyncResult result)
   at NSwarm.FSwarmInterface.TryOpenConnection(FConnectionCallback CallbackFunc, IntPtr CallbackData, ELogFlags LoggingFlags)
[2018.11.23-12.53.25:216][336]LogSwarmInterface: Error: [TryOpenConnection] Waiting for the agent to start up ...
[2018.11.23-12.53.25:216][336]LogSwarmInterface: Error: System.Net.Sockets.SocketException (0x80004005): No connection could be made because the target machine actively refused it 127.0.0.1:8008

Server stack trace: 
   at System.Net.Sockets.Socket.DoConnect(EndPoint endPointSnapshot, SocketAddress socketAddress)
   at System.Net.Sockets.Socket.Connect(EndPoint remoteEP)
   at System.Runtime.Remoting.Channels.RemoteConnection.CreateNewSocket(EndPoint ipEndPoint)
   at System.Runtime.Remoting.Channels.SocketCache.GetSocket(String machinePortAndSid, Boolean openNew)
   at System.Runtime.Remoting.Channels.Tcp.TcpClientTransportSink.SendRequestWithRetry(IMessage msg, ITransportHeaders requestHeaders, Stream requestStream)
   at System.Runtime.Remoting.Channels.Tcp.TcpClientTransportSink.AsyncProcessRequest(IClientChannelSinkStack sinkStack, IMessage msg, ITransportHeaders headers, Stream stream)
   at System.Runtime.Remoting.Channels.BinaryClientFormatterSink.AsyncProcessMessage(IMessage msg, IMessageSink replySink)

Exception rethrown at [0]: 
   at System.Runtime.Remoting.Proxies.RealProxy.HandleReturnMessage(IMessage reqMsg, IMessage retMsg)
   at System.Runtime.Remoting.Proxies.RealProxy.PrivateInvoke(MessageData& msgData, Int32 type)
   at NSwarm.IAgentInterfaceWrapper.MethodDelegate.EndInvoke(Hashtable& OutParameters, IAsyncResult result)
   at NSwarm.FSwarmInterface.TryOpenConnection(FConnectionCallback CallbackFunc, IntPtr CallbackData, ELogFlags LoggingFlags)
[2018.11.23-12.53.32:222][336]LogSwarmInterface: Error: [TryOpenConnection] Waiting for the agent to start up ...
[2018.11.23-12.53.32:222][336]LogSwarmInterface: Error: System.Net.Sockets.SocketException (0x80004005): No connection could be made because the target machine actively refused it 127.0.0.1:8008

Server stack trace: 
   at System.Net.Sockets.Socket.DoConnect(EndPoint endPointSnapshot, SocketAddress socketAddress)
   at System.Net.Sockets.Socket.Connect(EndPoint remoteEP)
   at System.Runtime.Remoting.Channels.RemoteConnection.CreateNewSocket(EndPoint ipEndPoint)
   at System.Runtime.Remoting.Channels.SocketCache.GetSocket(String machinePortAndSid, Boolean openNew)
   at System.Runtime.Remoting.Channels.Tcp.TcpClientTransportSink.SendRequestWithRetry(IMessage msg, ITransportHeaders requestHeaders, Stream requestStream)
   at System.Runtime.Remoting.Channels.Tcp.TcpClientTransportSink.AsyncProcessRequest(IClientChannelSinkStack sinkStack, IMessage msg, ITransportHeaders headers, Stream stream)
   at System.Runtime.Remoting.Channels.BinaryClientFormatterSink.AsyncProcessMessage(IMessage msg, IMessageSink replySink)

Exception rethrown at [0]: 
   at System.Runtime.Remoting.Proxies.RealProxy.HandleReturnMessage(IMessage reqMsg, IMessage retMsg)
   at System.Runtime.Remoting.Proxies.RealProxy.PrivateInvoke(MessageData& msgData, Int32 type)
   at NSwarm.IAgentInterfaceWrapper.MethodDelegate.EndInvoke(Hashtable& OutParameters, IAsyncResult result)
   at NSwarm.FSwarmInterface.TryOpenConnection(FConnectionCallback CallbackFunc, IntPtr CallbackData, ELogFlags LoggingFlags)
[2018.11.23-12.53.39:227][336]LogSwarmInterface: Error: [TryOpenConnection] Waiting for the agent to start up ...
[2018.11.23-12.53.39:227][336]LogSwarmInterface: Error: System.Net.Sockets.SocketException (0x80004005): No connection could be made because the target machine actively refused it 127.0.0.1:8008

Server stack trace: 
   at System.Net.Sockets.Socket.DoConnect(EndPoint endPointSnapshot, SocketAddress socketAddress)
   at System.Net.Sockets.Socket.Connect(EndPoint remoteEP)
   at System.Runtime.Remoting.Channels.RemoteConnection.CreateNewSocket(EndPoint ipEndPoint)
   at System.Runtime.Remoting.Channels.SocketCache.GetSocket(String machinePortAndSid, Boolean openNew)
   at System.Runtime.Remoting.Channels.Tcp.TcpClientTransportSink.SendRequestWithRetry(IMessage msg, ITransportHeaders requestHeaders, Stream requestStream)
   at System.Runtime.Remoting.Channels.Tcp.TcpClientTransportSink.AsyncProcessRequest(IClientChannelSinkStack sinkStack, IMessage msg, ITransportHeaders headers, Stream stream)
   at System.Runtime.Remoting.Channels.BinaryClientFormatterSink.AsyncProcessMessage(IMessage msg, IMessageSink replySink)

Exception rethrown at [0]: 
   at System.Runtime.Remoting.Proxies.RealProxy.HandleReturnMessage(IMessage reqMsg, IMessage retMsg)
   at System.Runtime.Remoting.Proxies.RealProxy.PrivateInvoke(MessageData& msgData, Int32 type)
   at NSwarm.IAgentInterfaceWrapper.MethodDelegate.EndInvoke(Hashtable& OutParameters, IAsyncResult result)
   at NSwarm.FSwarmInterface.TryOpenConnection(FConnectionCallback CallbackFunc, IntPtr CallbackData, ELogFlags LoggingFlags)
[2018.11.23-12.53.46:231][336]LogSwarmInterface: Error: [TryOpenConnection] Waiting for the agent to start up ...
[2018.11.23-12.53.46:231][336]LogSwarmInterface: Error: System.Net.Sockets.SocketException (0x80004005): No connection could be made because the target machine actively refused it 127.0.0.1:8008

Server stack trace: 
   at System.Net.Sockets.Socket.DoConnect(EndPoint endPointSnapshot, SocketAddress socketAddress)
   at System.Net.Sockets.Socket.Connect(EndPoint remoteEP)
   at System.Runtime.Remoting.Channels.RemoteConnection.CreateNewSocket(EndPoint ipEndPoint)
   at System.Runtime.Remoting.Channels.SocketCache.GetSocket(String machinePortAndSid, Boolean openNew)
   at System.Runtime.Remoting.Channels.Tcp.TcpClientTransportSink.SendRequestWithRetry(IMessage msg, ITransportHeaders requestHeaders, Stream requestStream)
   at System.Runtime.Remoting.Channels.Tcp.TcpClientTransportSink.AsyncProcessRequest(IClientChannelSinkStack sinkStack, IMessage msg, ITransportHeaders headers, Stream stream)
   at System.Runtime.Remoting.Channels.BinaryClientFormatterSink.AsyncProcessMessage(IMessage msg, IMessageSink replySink)

Exception rethrown at [0]: 
   at System.Runtime.Remoting.Proxies.RealProxy.HandleReturnMessage(IMessage reqMsg, IMessage retMsg)
   at System.Runtime.Remoting.Proxies.RealProxy.PrivateInvoke(MessageData& msgData, Int32 type)
   at NSwarm.IAgentInterfaceWrapper.MethodDelegate.EndInvoke(Hashtable& OutParameters, IAsyncResult result)
   at NSwarm.FSwarmInterface.TryOpenConnection(FConnectionCallback CallbackFunc, IntPtr CallbackData, ELogFlags LoggingFlags)
[2018.11.23-12.53.53:236][336]LogSwarmInterface: Error: [TryOpenConnection] Waiting for the agent to start up ...
[2018.11.23-12.53.53:236][336]LogSwarmInterface: Error: System.Net.Sockets.SocketException (0x80004005): No connection could be made because the target machine actively refused it 127.0.0.1:8008

Server stack trace: 
   at System.Net.Sockets.Socket.DoConnect(EndPoint endPointSnapshot, SocketAddress socketAddress)
   at System.Net.Sockets.Socket.Connect(EndPoint remoteEP)
   at System.Runtime.Remoting.Channels.RemoteConnection.CreateNewSocket(EndPoint ipEndPoint)
   at System.Runtime.Remoting.Channels.SocketCache.GetSocket(String machinePortAndSid, Boolean openNew)
   at System.Runtime.Remoting.Channels.Tcp.TcpClientTransportSink.SendRequestWithRetry(IMessage msg, ITransportHeaders requestHeaders, Stream requestStream)
   at System.Runtime.Remoting.Channels.Tcp.TcpClientTransportSink.AsyncProcessRequest(IClientChannelSinkStack sinkStack, IMessage msg, ITransportHeaders headers, Stream stream)
   at System.Runtime.Remoting.Channels.BinaryClientFormatterSink.AsyncProcessMessage(IMessage msg, IMessageSink replySink)

Exception rethrown at [0]: 
   at System.Runtime.Remoting.Proxies.RealProxy.HandleReturnMessage(IMessage reqMsg, IMessage retMsg)
   at System.Runtime.Remoting.Proxies.RealProxy.PrivateInvoke(MessageData& msgData, Int32 type)
   at NSwarm.IAgentInterfaceWrapper.MethodDelegate.EndInvoke(Hashtable& OutParameters, IAsyncResult result)
   at NSwarm.FSwarmInterface.TryOpenConnection(FConnectionCallback CallbackFunc, IntPtr CallbackData, ELogFlags LoggingFlags)
[2018.11.23-12.54.00:240][336]LogSwarmInterface: Error: [TryOpenConnection] Waiting for the agent to start up ...
[2018.11.23-12.54.00:240][336]LogSwarmInterface: Error: System.Net.Sockets.SocketException (0x80004005): No connection could be made because the target machine actively refused it 127.0.0.1:8008

Server stack trace: 
   at System.Net.Sockets.Socket.DoConnect(EndPoint endPointSnapshot, SocketAddress socketAddress)
   at System.Net.Sockets.Socket.Connect(EndPoint remoteEP)
   at System.Runtime.Remoting.Channels.RemoteConnection.CreateNewSocket(EndPoint ipEndPoint)
   at System.Runtime.Remoting.Channels.SocketCache.GetSocket(String machinePortAndSid, Boolean openNew)
   at System.Runtime.Remoting.Channels.Tcp.TcpClientTransportSink.SendRequestWithRetry(IMessage msg, ITransportHeaders requestHeaders, Stream requestStream)
   at System.Runtime.Remoting.Channels.Tcp.TcpClientTransportSink.AsyncProcessRequest(IClientChannelSinkStack sinkStack, IMessage msg, ITransportHeaders headers, Stream stream)
   at System.Runtime.Remoting.Channels.BinaryClientFormatterSink.AsyncProcessMessage(IMessage msg, IMessageSink replySink)

Exception rethrown at [0]: 
   at System.Runtime.Remoting.Proxies.RealProxy.HandleReturnMessage(IMessage reqMsg, IMessage retMsg)
   at System.Runtime.Remoting.Proxies.RealProxy.PrivateInvoke(MessageData& msgData, Int32 type)
   at NSwarm.IAgentInterfaceWrapper.MethodDelegate.EndInvoke(Hashtable& OutParameters, IAsyncResult result)
   at NSwarm.FSwarmInterface.TryOpenConnection(FConnectionCallback CallbackFunc, IntPtr CallbackData, ELogFlags LoggingFlags)
[2018.11.23-12.54.08:558][336]LogSwarmInterface: [TryOpenConnection] Opening Connection to Agent
[2018.11.23-12.54.08:558][336]LogSwarmInterface: [TryOpenConnection] Local Process ID is 1896
[2018.11.23-12.54.33:187][336]LogStaticLightingSystem: Running Lightmass w/ ImmediateImport mode ENABLED
[2018.11.23-12.54.33:230][336]LogStaticLightingSystem: Running Lightmass w/ ImmediateProcess mode ENABLED
[2018.11.23-12.54.33:231][336]LogStaticLightingSystem: Running Lightmass w/ Sorting mode ENABLED
[2018.11.23-12.54.33:231][336]LogStaticLightingSystem: Running Lightmass w/ Mapping paddings ENABLED
[2018.11.23-12.54.33:231][336]LogStaticLightingSystem: Running Lightmass w/ Mapping debug paddings DISABLED
[2018.11.23-12.54.35:667][336]Cmd: MAP CHECK DONTDISPLAYDIALOG
[2018.11.23-12.54.35:667][336]MapCheck: New page: ThirdPersonExampleMap - 23 Nov 2018, 4:54:35 PM
[2018.11.23-12.54.36:098][336]MapCheck: Map check complete: 0 Error(s), 0 Warning(s), took 431,195ms to complete.
[2018.11.23-12.54.36:122][336]LogEditorBuildUtils: Build time 1:50
[2018.11.23-12.54.36:276][336]LogMaterial: Missing cached shader map for material FLightmassMaterialRenderer MaterialInstanceDynamic_1, compiling. 
[2018.11.23-12.55.04:627][407]Job is a success!
[2018.11.23-12.55.05:263][408]LogSlate: Took 0.000295 seconds to synchronously load lazily loaded font '../../../Engine/Content/Slate/Fonts/Roboto-Light.ttf' (159K)
[2018.11.23-12.55.07:398][408]LogTexture: Display: Building textures: HQ_Lightmap0_1 (AutoDXT, 1024X1024)
[2018.11.23-12.55.07:399][408]LogTexture: Display: Building textures: SkyOcclusion0_1 (AutoDXT, 1024X512)
[2018.11.23-12.55.07:399][408]LogTexture: Display: Building textures: LQ_Lightmap_0_1 (DXT1, 1024X1024)
[2018.11.23-12.55.07:399][408]LogTexture: Display: Building textures: HQ_Lightmap0_2 (AutoDXT, 512X512)
[2018.11.23-12.55.07:399][408]LogTexture: Display: Building textures: SkyOcclusion0_2 (AutoDXT, 512X256)
[2018.11.23-12.55.07:399][408]LogTexture: Display: Building textures: LQ_Lightmap_0_2 (DXT1, 512X512)
[2018.11.23-12.55.07:399][408]LogTexture: Display: Building textures: HQ_Lightmap0_3 (AutoDXT, 64X64)
[2018.11.23-12.55.07:399][408]LogTexture: Display: Building textures: LQ_Lightmap_0_3 (DXT1, 64X64)
[2018.11.23-12.55.07:399][408]LogTexture: Display: Building textures: SkyOcclusion0_3 (AutoDXT, 64X32)
[2018.11.23-12.55.07:856][408]LogTexture: Display: Building textures: ShadowMapTexture2D_1 (G8, 32X32)
[2018.11.23-12.55.07:856][408]LogTexture: Display: Building textures: ShadowMapTexture2D_0 (G8, 1024X1024)
[2018.11.23-12.55.09:031][408]Lightmass on DESKTOP-HEC313S: 22.0 sec total, 1.25 sec importing, 746 ms setup, 1.52 sec photons, 15.6 sec processing, 0 ms extra exporting [12/12 mappings]. Threads: 1:02 min total, 21.7 sec processing.
[2018.11.23-12.55.09:175][408]LogStaticLightingSystem: Illumination: 2:04 min (1.53 sec encoding lightmaps, 457 ms encoding shadowmaps)
[2018.11.23-12.55.09:175][408]LogStaticLightingSystem: Lightmap texture memory:  3.3 MB (3.3 MB streaming, 0.0 MB non-streaming), 6 textures
[2018.11.23-12.55.09:175][408]LogStaticLightingSystem: Shadowmap texture memory: 1.3 MB (1.3 MB streaming, 0.0 MB non-streaming), 2 textures
[2018.11.23-12.55.18:335][408]DumpUnbuiltLightIteractions
[2018.11.23-12.55.18:335][408]Lights with unbuilt interactions: 0
[2018.11.23-12.55.18:335][408]
[2018.11.23-12.55.18:335][408]Primitives with unbuilt interactions: 0
[2018.11.23-12.55.18:358][409]Cmd: MAP CHECK NOTIFYRESULTS
[2018.11.23-12.55.18:358][409]MapCheck: New page: ThirdPersonExampleMap - 23 Nov 2018, 4:55:18 PM
[2018.11.23-12.55.18:644][409]MapCheck: Map check complete: 0 Error(s), 0 Warning(s), took 286,27ms to complete.
[2018.11.23-12.55.45:674][200]LogSlate: Took 0.000216 seconds to synchronously load lazily loaded font '../../../Engine/Content/Slate/Fonts/Roboto-Regular.ttf' (155K)
[2018.11.23-12.55.48:261][200]LogSavePackage: Save=871.99ms
[2018.11.23-12.55.48:261][200]LogSavePackage: Moving '../../../../../../Users/Gamer/Documents/Unreal Projects/Starcraft_Ghost/Saved/ThirdPersonExampleMap27D91D5C472B41BEF7605CAB8F8C2E0C.tmp' to '../../../../../../Users/Gamer/Documents/Unreal Projects/Starcraft_Ghost/Content/ThirdPersonBP/Maps/ThirdPersonExampleMap.umap'
[2018.11.23-12.55.48:615][200]LogSavePackage: Display: Finished SavePackage ../../../../../../Users/Gamer/Documents/Unreal Projects/Starcraft_Ghost/Content/ThirdPersonBP/Maps/ThirdPersonExampleMap.umap
[2018.11.23-12.55.48:842][200]LogFileHelpers: Saving map 'ThirdPersonExampleMap' took 7.278
[2018.11.23-12.55.49:139][200]LogSavePackage: Save=274.46ms
[2018.11.23-12.55.49:140][200]LogSavePackage: Moving '../../../../../../Users/Gamer/Documents/Unreal Projects/Starcraft_Ghost/Saved/ThirdPersonExampleMap_BuiltData9E01BC944CE5F01387919DBDA9996031.tmp' to '../../../../../../Users/Gamer/Documents/Unreal Projects/Starcraft_Ghost/Content/ThirdPersonBP/Maps/ThirdPersonExampleMap_BuiltData.uasset'
[2018.11.23-12.55.49:147][200]LogSavePackage: Display: Finished SavePackage ../../../../../../Users/Gamer/Documents/Unreal Projects/Starcraft_Ghost/Content/ThirdPersonBP/Maps/ThirdPersonExampleMap_BuiltData.uasset
[2018.11.23-12.55.49:866][200]LogWindowsTextInputMethodSystem: Display: IME system now deactivated.
[2018.11.23-12.55.55:209][201]Cmd: QUIT_EDITOR
[2018.11.23-12.55.56:215][201]LogExit: Preparing to exit.
[2018.11.23-12.55.57:925][201]LogDirectoryWatcher: A directory notification for 'C:/Users/Gamer/Documents/Unreal Projects/Starcraft_Ghost/Content/' was aborted.
[2018.11.23-12.55.58:291][201]LogExit: Editor shut down
[2018.11.23-12.55.58:295][201]LogExit: Transaction tracking system shut down
[2018.11.23-12.55.59:273][201]LogDirectoryWatcher: A directory notification for '../../../Engine/Content/' was aborted.
[2018.11.23-12.55.59:274][201]LogDirectoryWatcher: A directory notification for '../../../../../../Users/Gamer/Documents/Unreal Projects/Starcraft_Ghost/Content/' was aborted.
[2018.11.23-12.55.59:274][201]LogDirectoryWatcher: A directory notification for '../../../Engine/Plugins/2D/Paper2D/Content/' was aborted.
[2018.11.23-12.55.59:274][201]LogDirectoryWatcher: A directory notification for '../../../Engine/Plugins/Runtime/Oculus/OculusVR/Content/' was aborted.
[2018.11.23-12.55.59:274][201]LogDirectoryWatcher: A directory notification for '../../../Engine/Plugins/Runtime/Steam/SteamVR/Content/' was aborted.
[2018.11.23-12.56.03:132][201]LogExit: Object subsystem successfully closed.
[2018.11.23-12.56.04:189][201]LogD3D11RHI: Shutdown
[2018.11.23-12.56.04:275][201]LogD3D11RHI: CleanupD3DDevice
[2018.11.23-12.56.04:554][201]LogD3D11RHI: ~FD3D11DynamicRHI
[2018.11.23-12.56.06:078][201]LogModuleManager: Shutting down and abandoning module HierarchicalLODUtilities (532)
[2018.11.23-12.56.06:078][201]LogModuleManager: Shutting down and abandoning module HierarchicalLODOutliner (530)
[2018.11.23-12.56.06:078][201]LogModuleManager: Shutting down and abandoning module SceneOutliner (528)
[2018.11.23-12.56.06:078][201]LogModuleManager: Shutting down and abandoning module AddContentDialog (526)
[2018.11.23-12.56.06:119][201]LogDirectoryWatcher: A directory notification for 'C:/Development_tools/Game_Development/UE_4.17/FeaturePacks/' was aborted.
[2018.11.23-12.56.06:294][201]LogModuleManager: Shutting down and abandoning module WidgetCarousel (525)
[2018.11.23-12.56.06:294][201]LogModuleManager: Shutting down and abandoning module EditorWidgets (522)
[2018.11.23-12.56.06:294][201]LogModuleManager: Shutting down and abandoning module CollectionManager (520)
[2018.11.23-12.56.06:294][201]LogDirectoryWatcher: A directory notification for 'C:/Users/Gamer/Documents/Unreal Projects/Starcraft_Ghost/Content/Collections/' was aborted.
[2018.11.23-12.56.06:294][201]LogDirectoryWatcher: A directory notification for 'C:/Users/Gamer/Documents/Unreal Projects/Starcraft_Ghost/Content/Developers/Gamer/Collections/' was aborted.
[2018.11.23-12.56.06:294][201]LogDirectoryWatcher: A directory notification for 'C:/Users/Gamer/Documents/Unreal Projects/Starcraft_Ghost/Saved/Collections/' was aborted.
[2018.11.23-12.56.06:295][201]LogModuleManager: Shutting down and abandoning module StatsViewer (518)
[2018.11.23-12.56.06:305][201]LogModuleManager: Shutting down and abandoning module FoliageEdit (516)
[2018.11.23-12.56.06:305][201]LogModuleManager: Shutting down and abandoning module LandscapeEditor (514)
[2018.11.23-12.56.06:421][201]LogModuleManager: Shutting down and abandoning module MeshPaintMode (512)
[2018.11.23-12.56.06:421][201]LogModuleManager: Shutting down and abandoning module SceneDepthPickerMode (510)
[2018.11.23-12.56.06:421][201]LogModuleManager: Shutting down and abandoning module ActorPickerMode (508)
[2018.11.23-12.56.06:421][201]LogModuleManager: Shutting down and abandoning module GeometryMode (506)
[2018.11.23-12.56.06:421][201]LogModuleManager: Shutting down and abandoning module TextureAlignMode (504)
[2018.11.23-12.56.06:421][201]LogModuleManager: Shutting down and abandoning module BspMode (502)
[2018.11.23-12.56.06:421][201]LogModuleManager: Shutting down and abandoning module PIEPreviewDeviceProfileSelector (500)
[2018.11.23-12.56.06:421][201]LogModuleManager: Shutting down and abandoning module HardwareSurvey (498)
[2018.11.23-12.56.06:421][201]LogModuleManager: Shutting down and abandoning module SequenceRecorderSections (496)
[2018.11.23-12.56.06:421][201]LogModuleManager: Shutting down and abandoning module AutomationWorker (494)
[2018.11.23-12.56.06:421][201]LogModuleManager: Shutting down and abandoning module MatineeToLevelSequence (492)
[2018.11.23-12.56.06:421][201]LogModuleManager: Shutting down and abandoning module LevelSequenceEditor (490)
[2018.11.23-12.56.06:433][201]LogModuleManager: Shutting down and abandoning module PlacementMode (489)
[2018.11.23-12.56.06:434][201]LogModuleManager: Shutting down and abandoning module WmfMediaFactory (486)
[2018.11.23-12.56.06:434][201]LogModuleManager: Shutting down and abandoning module WmfMediaEditor (484)
[2018.11.23-12.56.06:434][201]LogModuleManager: Shutting down and abandoning module AvfMediaFactory (482)
[2018.11.23-12.56.06:434][201]LogModuleManager: Shutting down and abandoning module AvfMediaEditor (480)
[2018.11.23-12.56.06:434][201]LogModuleManager: Shutting down and abandoning module AndroidMediaFactory (478)
[2018.11.23-12.56.06:434][201]LogModuleManager: Shutting down and abandoning module Media (477)
[2018.11.23-12.56.06:434][201]LogModuleManager: Shutting down and abandoning module AndroidMediaEditor (474)
[2018.11.23-12.56.06:434][201]LogModuleManager: Shutting down and abandoning module CharacterAI (472)
[2018.11.23-12.56.06:434][201]LogModuleManager: Shutting down and abandoning module AudioCapture (470)
[2018.11.23-12.56.06:434][201]LogModuleManager: Shutting down and abandoning module SequenceRecorder (469)
[2018.11.23-12.56.06:452][201]LogModuleManager: Shutting down and abandoning module SmartSnapping (466)
[2018.11.23-12.56.06:452][201]LogModuleManager: Shutting down and abandoning module SessionServices (464)
[2018.11.23-12.56.06:452][201]LogModuleManager: Shutting down and abandoning module ViewportSnapping (462)
[2018.11.23-12.56.06:452][201]LogModuleManager: Shutting down and abandoning module ViewportInteraction (460)
[2018.11.23-12.56.06:452][201]LogModuleManager: Shutting down and abandoning module ClothPainter (458)
[2018.11.23-12.56.06:460][201]LogModuleManager: Shutting down and abandoning module LogVisualizer (456)
[2018.11.23-12.56.06:460][201]LogModuleManager: Shutting down and abandoning module IntroTutorials (454)
[2018.11.23-12.56.06:460][201]LogModuleManager: Shutting down and abandoning module GameProjectGeneration (453)
[2018.11.23-12.56.06:486][201]LogModuleManager: Shutting down and abandoning module IOSPlatformEditor (450)
[2018.11.23-12.56.06:486][201]LogModuleManager: Shutting down and abandoning module HTML5PlatformEditor (448)
[2018.11.23-12.56.06:486][201]LogModuleManager: Shutting down and abandoning module AndroidPlatformEditor (446)
[2018.11.23-12.56.06:486][201]LogModuleManager: Shutting down and abandoning module AndroidDeviceDetection (445)
[2018.11.23-12.56.07:407][201]LogModuleManager: Shutting down and abandoning module WindowsPlatformEditor (442)
[2018.11.23-12.56.07:407][201]LogModuleManager: Shutting down and abandoning module IOSRuntimeSettings (440)
[2018.11.23-12.56.07:407][201]LogModuleManager: Shutting down and abandoning module AndroidRuntimeSettings (438)
[2018.11.23-12.56.07:407][201]LogModuleManager: Shutting down and abandoning module InputBindingEditor (436)
[2018.11.23-12.56.07:407][201]LogModuleManager: Shutting down and abandoning module MergeActors (434)
[2018.11.23-12.56.07:407][201]LogModuleManager: Shutting down and abandoning module SizeMap (432)
[2018.11.23-12.56.07:407][201]LogModuleManager: Shutting down and abandoning module TreeMap (430)
[2018.11.23-12.56.07:407][201]LogModuleManager: Shutting down and abandoning module ReferenceViewer (428)
[2018.11.23-12.56.07:407][201]LogModuleManager: Shutting down and abandoning module LocalizationDashboard (426)
[2018.11.23-12.56.07:407][201]LogModuleManager: Shutting down and abandoning module LocalizationService (425)
[2018.11.23-12.56.07:407][201]LogModuleManager: Shutting down and abandoning module HardwareTargeting (422)
[2018.11.23-12.56.07:407][201]LogModuleManager: Shutting down and abandoning module DeviceProfileEditor (420)
[2018.11.23-12.56.07:407][201]LogModuleManager: Shutting down and abandoning module UndoHistory (418)
[2018.11.23-12.56.07:407][201]LogModuleManager: Shutting down and abandoning module XmlParser (416)
[2018.11.23-12.56.07:407][201]LogModuleManager: Shutting down and abandoning module Blutility (414)
[2018.11.23-12.56.07:407][201]LogModuleManager: Shutting down and abandoning module ProjectSettingsViewer (412)
[2018.11.23-12.56.07:407][201]LogModuleManager: Shutting down and abandoning module ProjectTargetPlatformEditor (411)
[2018.11.23-12.56.07:407][201]LogModuleManager: Shutting down and abandoning module EditorSettingsViewer (408)
[2018.11.23-12.56.07:407][201]LogModuleManager: Shutting down and abandoning module SettingsEditor (406)
[2018.11.23-12.56.07:407][201]LogModuleManager: Shutting down and abandoning module ProjectLauncher (404)
[2018.11.23-12.56.07:407][201]LogModuleManager: Shutting down and abandoning module SessionFrontend (402)
[2018.11.23-12.56.07:407][201]LogModuleManager: Shutting down and abandoning module ProfilerClient (400)
[2018.11.23-12.56.07:407][201]LogModuleManager: Shutting down and abandoning module DeviceManager (398)
[2018.11.23-12.56.07:408][201]LogModuleManager: Shutting down and abandoning module TargetDeviceServices (397)
[2018.11.23-12.56.07:463][201]LogModuleManager: Shutting down and abandoning module AutomationController (394)
[2018.11.23-12.56.07:463][201]LogModuleManager: Shutting down and abandoning module AutomationWindow (392)
[2018.11.23-12.56.07:463][201]LogModuleManager: Shutting down and abandoning module Layers (390)
[2018.11.23-12.56.07:463][201]LogModuleManager: Shutting down and abandoning module ComponentVisualizers (388)
[2018.11.23-12.56.07:463][201]LogModuleManager: Shutting down and abandoning module DetailCustomizations (386)
[2018.11.23-12.56.07:615][201]LogModuleManager: Shutting down and abandoning module PackagesDialog (384)
[2018.11.23-12.56.07:615][201]LogModuleManager: Shutting down and abandoning module Persona (382)
[2018.11.23-12.56.07:665][201]LogModuleManager: Shutting down and abandoning module AdvancedPreviewScene (381)
[2018.11.23-12.56.07:665][201]LogModuleManager: Shutting down and abandoning module AnimGraph (379)
[2018.11.23-12.56.08:030][201]LogModuleManager: Shutting down and abandoning module Kismet (376)
[2018.11.23-12.56.08:031][201]LogModuleManager: Shutting down and abandoning module ClassViewer (374)
[2018.11.23-12.56.08:031][201]LogModuleManager: Shutting down and abandoning module Toolbox (372)
[2018.11.23-12.56.08:031][201]LogModuleManager: Shutting down and abandoning module ModuleUI (370)
[2018.11.23-12.56.08:031][201]LogModuleManager: Shutting down and abandoning module MovieSceneTools (368)
[2018.11.23-12.56.08:813][201]LogModuleManager: Shutting down and abandoning module OutputLog (366)
[2018.11.23-12.56.08:813][201]LogModuleManager: Shutting down and abandoning module GammaUI (364)
[2018.11.23-12.56.08:813][201]LogModuleManager: Shutting down and abandoning module Documentation (362)
[2018.11.23-12.56.08:813][201]LogModuleManager: Shutting down and abandoning module MovieSceneTracks (360)
[2018.11.23-12.56.08:813][201]LogModuleManager: Shutting down and abandoning module MovieScene (358)
[2018.11.23-12.56.08:813][201]LogModuleManager: Shutting down and abandoning module Niagara (356)
[2018.11.23-12.56.08:813][201]LogModuleManager: Shutting down and abandoning module NiagaraEditor (355)
[2018.11.23-12.56.08:813][201]LogModuleManager: Shutting down and abandoning module StreamingPauseRendering (352)
[2018.11.23-12.56.08:813][201]LogModuleManager: Shutting down and abandoning module LauncherPlatform (350)
[2018.11.23-12.56.08:813][201]LogModuleManager: Shutting down and abandoning module AnalyticsET (348)
[2018.11.23-12.56.08:813][201]LogModuleManager: Shutting down and abandoning module PortalServices (346)
[2018.11.23-12.56.08:813][201]LogModuleManager: Shutting down and abandoning module PortalRpc (344)
[2018.11.23-12.56.08:813][201]LogModuleManager: Shutting down and abandoning module MessagingRpc (342)
[2018.11.23-12.56.08:813][201]LogModuleManager: Shutting down and abandoning module AIModule (340)
[2018.11.23-12.56.08:823][201]LogModuleManager: Shutting down and abandoning module GameplayDebugger (339)
[2018.11.23-12.56.08:830][201]LogModuleManager: Shutting down and abandoning module AITestSuite (337)
[2018.11.23-12.56.08:830][201]LogModuleManager: Shutting down and abandoning module ProfilerService (334)
[2018.11.23-12.56.09:032][201]LogModuleManager: Shutting down and abandoning module TaskGraph (332)
[2018.11.23-12.56.09:032][201]LogModuleManager: Shutting down and abandoning module SteamVRController (330)
[2018.11.23-12.56.09:032][201]LogModuleManager: Shutting down and abandoning module ProceduralMeshComponentEditor (328)
[2018.11.23-12.56.09:032][201]LogModuleManager: Shutting down and abandoning module ProceduralMeshComponent (326)
[2018.11.23-12.56.09:032][201]LogModuleManager: Shutting down and abandoning module OculusInput (324)
[2018.11.23-12.56.09:032][201]LogModuleManager: Shutting down and abandoning module MobilePatchingUtils (322)
[2018.11.23-12.56.09:033][201]LogModuleManager: Shutting down and abandoning module CustomMeshComponent (320)
[2018.11.23-12.56.09:033][201]LogModuleManager: Shutting down and abandoning module CableComponent (318)
[2018.11.23-12.56.09:033][201]LogModuleManager: Shutting down and abandoning module ArchVisCharacter (316)
[2018.11.23-12.56.09:033][201]LogModuleManager: Shutting down and abandoning module AndroidPermission (314)
[2018.11.23-12.56.09:033][201]LogModuleManager: Shutting down and abandoning module MediaPlayerEditor (310)
[2018.11.23-12.56.09:033][201]LogModuleManager: Shutting down and abandoning module HTML5Networking (308)
[2018.11.23-12.56.09:033][201]LogModuleManager: Shutting down and abandoning module AlembicImporter (306)
[2018.11.23-12.56.09:033][201]LogModuleManager: Shutting down and abandoning module AlembicLibrary (305)
[2018.11.23-12.56.09:033][201]LogModuleManager: Shutting down and abandoning module GeometryCache (304)
[2018.11.23-12.56.09:033][201]LogModuleManager: Shutting down and abandoning module GeometryCacheEd (303)
[2018.11.23-12.56.09:033][201]LogModuleManager: Shutting down and abandoning module SpeedTreeImporter (298)
[2018.11.23-12.56.09:033][201]LogModuleManager: Shutting down and abandoning module PluginBrowser (296)
[2018.11.23-12.56.09:033][201]LogModuleManager: Shutting down and abandoning module MobileLauncherProfileWizard (294)
[2018.11.23-12.56.09:033][201]LogModuleManager: Shutting down and abandoning module VisualStudioSourceCodeAccess (292)
[2018.11.23-12.56.09:033][201]LogModuleManager: Shutting down and abandoning module DesktopPlatform (291)
[2018.11.23-12.56.09:042][201]LogModuleManager: Shutting down and abandoning module UObjectPlugin (288)
[2018.11.23-12.56.09:042][201]LogModuleManager: Shutting down and abandoning module SubversionSourceControl (286)
[2018.11.23-12.56.09:042][201]LogModuleManager: Shutting down and abandoning module PerforceSourceControl (284)
[2018.11.23-12.56.09:042][201]LogModuleManager: Shutting down and abandoning module GitSourceControl (282)
[2018.11.23-12.56.09:042][201]LogModuleManager: Shutting down and abandoning module SourceControl (281)
[2018.11.23-12.56.09:054][201]LogModuleManager: Shutting down and abandoning module LightPropagationVolumeEditor (278)
[2018.11.23-12.56.09:054][201]LogModuleManager: Shutting down and abandoning module PaperTiledImporter (276)
[2018.11.23-12.56.09:054][201]LogModuleManager: Shutting down and abandoning module PaperSpriteSheetImporter (274)
[2018.11.23-12.56.09:054][201]LogModuleManager: Shutting down and abandoning module Paper2DEditor (272)
[2018.11.23-12.56.09:054][201]LogModuleManager: Shutting down and abandoning module MeshPaint (271)
[2018.11.23-12.56.09:054][201]LogModuleManager: Shutting down and abandoning module LevelEditor (269)
[2018.11.23-12.56.09:066][201]LogModuleManager: Shutting down and abandoning module PixelInspectorModule (268)
[2018.11.23-12.56.09:067][201]LogModuleManager: Shutting down and abandoning module MainFrame (266)
[2018.11.23-12.56.09:067][201]LogModuleManager: Shutting down and abandoning module HotReload (265)
[2018.11.23-12.56.09:067][201]LogModuleManager: Shutting down and abandoning module RuntimePhysXCooking (260)
[2018.11.23-12.56.09:067][201]LogModuleManager: Shutting down and abandoning module PhysXVehiclesEditor (258)
[2018.11.23-12.56.09:067][201]LogModuleManager: Shutting down and abandoning module PhysXVehicles (256)
[2018.11.23-12.56.09:067][201]LogModuleManager: Shutting down and abandoning module OculusEditor (254)
[2018.11.23-12.56.09:067][201]LogModuleManager: Shutting down and abandoning module LocationServicesBPLibrary (252)
[2018.11.23-12.56.09:067][201]LogModuleManager: Shutting down and abandoning module ImmediatePhysicsEditor (250)
[2018.11.23-12.56.09:067][201]LogModuleManager: Shutting down and abandoning module ImmediatePhysics (248)
[2018.11.23-12.56.09:067][201]LogModuleManager: Shutting down and abandoning module UdpMessaging (246)
[2018.11.23-12.56.09:169][201]LogModuleManager: Shutting down and abandoning module TcpMessaging (244)
[2018.11.23-12.56.09:269][201]LogModuleManager: Shutting down and abandoning module GameplayTagsEditor (242)
[2018.11.23-12.56.09:269][201]LogModuleManager: Shutting down and abandoning module FacialAnimationEditor (240)
[2018.11.23-12.56.09:269][201]LogModuleManager: Shutting down and abandoning module FacialAnimation (238)
[2018.11.23-12.56.09:269][201]LogModuleManager: Shutting down and abandoning module AssetManagerEditor (236)
[2018.11.23-12.56.09:269][201]LogModuleManager: Shutting down and abandoning module GraphEditor (235)
[2018.11.23-12.56.09:751][201]LogModuleManager: Shutting down and abandoning module ContentBrowser (233)
[2018.11.23-12.56.09:753][201]LogModuleManager: Shutting down and abandoning module LightPropagationVolumeRuntime (230)
[2018.11.23-12.56.09:753][201]LogModuleManager: Shutting down and abandoning module Paper2D (228)
[2018.11.23-12.56.09:753][201]LogModuleManager: Shutting down and abandoning module WindowsMoviePlayer (226)
[2018.11.23-12.56.09:753][201]LogModuleManager: Shutting down and abandoning module WmfMedia (224)
[2018.11.23-12.56.09:756][201]LogModuleManager: Shutting down and abandoning module PacketHandler (222)
[2018.11.23-12.56.09:756][201]LogModuleManager: Shutting down and abandoning module ClothingSystemEditor (220)
[2018.11.23-12.56.09:814][201]LogModuleManager: Shutting down and abandoning module ClothingSystemRuntime (218)
[2018.11.23-12.56.09:814][201]LogModuleManager: Shutting down and abandoning module Overlay (216)
[2018.11.23-12.56.09:814][201]LogModuleManager: Shutting down and abandoning module OverlayEditor (215)
[2018.11.23-12.56.09:814][201]LogModuleManager: Shutting down and abandoning module MediaAssets (212)
[2018.11.23-12.56.09:814][201]LogModuleManager: Shutting down and abandoning module VREditor (210)
[2018.11.23-12.56.09:814][201]LogModuleManager: Shutting down and abandoning module StringTableEditor (208)
[2018.11.23-12.56.09:814][201]LogModuleManager: Shutting down and abandoning module GameplayTasksEditor (206)
[2018.11.23-12.56.09:814][201]LogModuleManager: Shutting down and abandoning module BehaviorTreeEditor (204)
[2018.11.23-12.56.09:814][201]LogModuleManager: Shutting down and abandoning module FunctionalTesting (202)
[2018.11.23-12.56.09:814][201]LogModuleManager: Shutting down and abandoning module CollisionAnalyzer (200)
[2018.11.23-12.56.09:814][201]LogModuleManager: Shutting down and abandoning module WorkspaceMenuStructure (199)
[2018.11.23-12.56.09:814][201]LogModuleManager: Shutting down and abandoning module UMG (196)
[2018.11.23-12.56.09:847][201]LogModuleManager: Shutting down and abandoning module UMGEditor (195)
[2018.11.23-12.56.10:101][201]LogModuleManager: Shutting down and abandoning module Sequencer (194)
[2018.11.23-12.56.10:442][201]LogModuleManager: Shutting down and abandoning module MessageLog (191)
[2018.11.23-12.56.10:443][201]LogModuleManager: Shutting down and abandoning module SlateReflector (186)
[2018.11.23-12.56.10:443][201]LogModuleManager: Shutting down and abandoning module Slate (184)
[2018.11.23-12.56.10:443][201]LogModuleManager: Shutting down and abandoning module EditorStyle (182)
[2018.11.23-12.56.10:446][201]LogModuleManager: Shutting down and abandoning module MRMesh (180)
[2018.11.23-12.56.10:446][201]LogModuleManager: Shutting down and abandoning module SourceCodeAccess (178)
[2018.11.23-12.56.10:446][201]LogModuleManager: Shutting down and abandoning module HeadMountedDisplay (176)
[2018.11.23-12.56.10:446][201]LogModuleManager: Shutting down and abandoning module XAudio2 (174)
[2018.11.23-12.56.10:446][201]LogModuleManager: Shutting down and abandoning module Networking (172)
[2018.11.23-12.56.10:446][201]LogModuleManager: Shutting down and abandoning module Core (168)
[2018.11.23-12.56.10:446][201]LogModuleManager: Shutting down and abandoning module KismetCompiler (164)
[2018.11.23-12.56.10:446][201]LogModuleManager: Shutting down and abandoning module LevelSequence (162)
[2018.11.23-12.56.10:446][201]LogModuleManager: Shutting down and abandoning module MeshUtilities (160)
[2018.11.23-12.56.10:704][201]LogModuleManager: Shutting down and abandoning module MeshMergeUtilities (159)
[2018.11.23-12.56.10:724][201]LogModuleManager: Shutting down and abandoning module MeshReductionInterface (158)
[2018.11.23-12.56.10:724][201]LogModuleManager: Shutting down and abandoning module SimplygonSwarm (157)
[2018.11.23-12.56.10:770][201]LogModuleManager: Shutting down and abandoning module SimplygonMeshReduction (155)
[2018.11.23-12.56.10:770][201]LogModuleManager: Shutting down and abandoning module QuadricMeshReduction (153)
[2018.11.23-12.56.11:129][201]LogModuleManager: Shutting down and abandoning module MaterialBaking (149)
[2018.11.23-12.56.11:175][201]LogModuleManager: Shutting down and abandoning module DirectoryWatcher (146)
[2018.11.23-12.56.11:176][201]LogModuleManager: Shutting down and abandoning module DerivedDataCache (144)
[2018.11.23-12.56.11:240][201]LogDerivedDataCache: Shutdown
[2018.11.23-12.56.11:240][201]LogModuleManager: Shutting down and abandoning module TargetPlatform (142)
[2018.11.23-12.56.11:240][201]LogModuleManager: Shutting down and abandoning module VulkanShaderFormat (141)
[2018.11.23-12.56.11:284][201]LogModuleManager: Shutting down and abandoning module ShaderFormatVectorVM (139)
[2018.11.23-12.56.11:402][201]LogModuleManager: Shutting down and abandoning module ShaderFormatOpenGL (137)
[2018.11.23-12.56.11:421][201]LogModuleManager: Shutting down and abandoning module ShaderFormatD3D (135)
[2018.11.23-12.56.11:449][201]LogModuleManager: Shutting down and abandoning module MetalShaderFormat (133)
[2018.11.23-12.56.11:468][201]LogModuleManager: Shutting down and abandoning module TextureFormatUncompressed (131)
[2018.11.23-12.56.11:468][201]LogModuleManager: Shutting down and abandoning module TextureFormatPVR (129)
[2018.11.23-12.56.11:468][201]LogModuleManager: Shutting down and abandoning module TextureFormatDXT (127)
[2018.11.23-12.56.11:468][201]LogModuleManager: Shutting down and abandoning module TextureFormatIntelISPCTexComp (125)
[2018.11.23-12.56.11:489][201]LogModuleManager: Shutting down and abandoning module TextureFormatASTC (123)
[2018.11.23-12.56.11:489][201]LogModuleManager: Shutting down and abandoning module ImageWrapper (122)
[2018.11.23-12.56.11:489][201]LogModuleManager: Shutting down and abandoning module TextureFormatAndroid (119)
[2018.11.23-12.56.11:489][201]LogModuleManager: Shutting down and abandoning module AudioFormatOpus (117)
[2018.11.23-12.56.11:489][201]LogModuleManager: Shutting down and abandoning module AudioFormatOgg (115)
[2018.11.23-12.56.11:489][201]LogModuleManager: Shutting down and abandoning module AudioFormatADPCM (113)
[2018.11.23-12.56.11:489][201]LogModuleManager: Shutting down and abandoning module LinuxTargetPlatform (111)
[2018.11.23-12.56.11:489][201]LogModuleManager: Shutting down and abandoning module LinuxServerTargetPlatform (109)
[2018.11.23-12.56.11:489][201]LogModuleManager: Shutting down and abandoning module LinuxNoEditorTargetPlatform (107)
[2018.11.23-12.56.11:489][201]LogModuleManager: Shutting down and abandoning module LinuxClientTargetPlatform (105)
[2018.11.23-12.56.11:489][201]LogModuleManager: Shutting down and abandoning module TVOSTargetPlatform (103)
[2018.11.23-12.56.11:489][201]LogModuleManager: Shutting down and abandoning module Messaging (101)
[2018.11.23-12.56.11:489][201]LogModuleManager: Shutting down and abandoning module IOSTargetPlatform (99)
[2018.11.23-12.56.11:489][201]LogModuleManager: Shutting down and abandoning module HTML5TargetPlatform (97)
[2018.11.23-12.56.11:489][201]LogModuleManager: Shutting down and abandoning module Android_PVRTCTargetPlatform (95)
[2018.11.23-12.56.11:489][201]LogModuleManager: Shutting down and abandoning module Android_MultiTargetPlatform (93)
[2018.11.23-12.56.11:489][201]LogModuleManager: Shutting down and abandoning module Android_ETC2TargetPlatform (91)
[2018.11.23-12.56.11:489][201]LogModuleManager: Shutting down and abandoning module Android_ETC1TargetPlatform (89)
[2018.11.23-12.56.11:489][201]LogModuleManager: Shutting down and abandoning module Android_DXTTargetPlatform (87)
[2018.11.23-12.56.11:489][201]LogModuleManager: Shutting down and abandoning module Android_ATCTargetPlatform (85)
[2018.11.23-12.56.11:489][201]LogModuleManager: Shutting down and abandoning module Android_ASTCTargetPlatform (83)
[2018.11.23-12.56.11:489][201]LogModuleManager: Shutting down and abandoning module AndroidTargetPlatform (81)
[2018.11.23-12.56.11:489][201]LogModuleManager: Shutting down and abandoning module WindowsTargetPlatform (79)
[2018.11.23-12.56.11:489][201]LogModuleManager: Shutting down and abandoning module WindowsServerTargetPlatform (77)
[2018.11.23-12.56.11:489][201]LogModuleManager: Shutting down and abandoning module WindowsNoEditorTargetPlatform (75)
[2018.11.23-12.56.11:489][201]LogModuleManager: Shutting down and abandoning module WindowsClientTargetPlatform (73)
[2018.11.23-12.56.11:489][201]LogModuleManager: Shutting down and abandoning module MacTargetPlatform (71)
[2018.11.23-12.56.11:489][201]LogModuleManager: Shutting down and abandoning module MacServerTargetPlatform (69)
[2018.11.23-12.56.11:489][201]LogModuleManager: Shutting down and abandoning module MacNoEditorTargetPlatform (67)
[2018.11.23-12.56.11:489][201]LogModuleManager: Shutting down and abandoning module MacClientTargetPlatform (65)
[2018.11.23-12.56.11:489][201]LogModuleManager: Shutting down and abandoning module AllDesktopTargetPlatform (63)
[2018.11.23-12.56.11:489][201]LogModuleManager: Shutting down and abandoning module InputCore (60)
[2018.11.23-12.56.11:489][201]LogModuleManager: Shutting down and abandoning module Settings (58)
[2018.11.23-12.56.11:489][201]LogModuleManager: Shutting down and abandoning module PhysXCooking (56)
[2018.11.23-12.56.11:489][201]LogModuleManager: Shutting down and abandoning module SteamVR (54)
[2018.11.23-12.56.11:490][201]LogModuleManager: Shutting down and abandoning module OculusHMD (52)
[2018.11.23-12.56.11:503][201]LogModuleManager: Shutting down and abandoning module ExampleDeviceProfileSelector (50)
[2018.11.23-12.56.11:503][201]LogModuleManager: Shutting down and abandoning module OnlineBlueprintSupport (48)
[2018.11.23-12.56.11:503][201]LogModuleManager: Shutting down and abandoning module OnlineSubsystem (44)
[2018.11.23-12.56.11:504][201]LogOnline: Display: Unloading online subsystem: NULL
[2018.11.23-12.56.11:514][201]LogModuleManager: Shutting down and abandoning module XMPP (43)
[2018.11.23-12.56.11:584][201]LogModuleManager: Shutting down and abandoning module HTTP (41)
[2018.11.23-12.56.11:584][201]LogHttp: Display: Http module shutting down, but needs to wait on 1 outstanding Http requests:
[2018.11.23-12.56.11:637][201]LogHttp: Display: 	verb=[POST] url=[https://datarouter.ol.epicgames.com/datarouter/api/v1/public/data?SessionID=%7BC191981A-47F8-36E5-8166-9EBDBCF04833%7D&AppID=UEEditor.Rocket.Release&AppVersion=4.17.2-3658906%2B%2B%2BUE4%2BRelease-4.17&UserID=1006a23140858b1f83e55e96554dcfe5%7Ccbb0e750b3194874b24df70ba183a5bd%7C5e351bc3-60f0-465e-9e9d-3dda9ececcf3&AppEnvironment=datacollector-binary&UploadType=eteventstream] status=Processing
[2018.11.23-12.56.11:643][201]LogModuleManager: Shutting down and abandoning module SSL (40)
[2018.11.23-12.56.11:677][201]LogModuleManager: Shutting down and abandoning module AnimationModifiers (36)
[2018.11.23-12.56.11:687][201]LogModuleManager: Shutting down and abandoning module PropertyEditor (35)
[2018.11.23-12.56.11:687][201]LogModuleManager: Shutting down and abandoning module AudioEditor (32)
[2018.11.23-12.56.11:805][201]LogModuleManager: Shutting down and abandoning module TextureCompressor (30)
[2018.11.23-12.56.11:805][201]LogModuleManager: Shutting down and abandoning module ShaderCore (28)
[2018.11.23-12.56.11:805][201]LogModuleManager: Shutting down and abandoning module Landscape (26)
[2018.11.23-12.56.11:805][201]LogModuleManager: Shutting down and abandoning module SlateRHIRenderer (24)
[2018.11.23-12.56.11:874][201]LogModuleManager: Shutting down and abandoning module OpenGLDrv (22)
[2018.11.23-12.56.11:882][201]LogModuleManager: Shutting down and abandoning module D3D11RHI (20)
[2018.11.23-12.56.11:882][201]LogModuleManager: Shutting down and abandoning module AnimGraphRuntime (18)
[2018.11.23-12.56.11:903][201]LogModuleManager: Shutting down and abandoning module Renderer (16)
[2018.11.23-12.56.11:903][201]LogModuleManager: Shutting down and abandoning module Engine (14)
[2018.11.23-12.56.11:903][201]LogModuleManager: Shutting down and abandoning module CoreUObject (12)
[2018.11.23-12.56.11:903][201]LogModuleManager: Shutting down and abandoning module NetworkFile (10)
[2018.11.23-12.56.11:908][201]LogModuleManager: Shutting down and abandoning module CookedIterativeFile (8)
[2018.11.23-12.56.11:908][201]LogModuleManager: Shutting down and abandoning module StreamingFile (6)
[2018.11.23-12.56.12:004][201]LogModuleManager: Shutting down and abandoning module SandboxFile (4)
[2018.11.23-12.56.12:010][201]LogModuleManager: Shutting down and abandoning module PakFile (2)
[2018.11.23-12.56.12:031][201]LogExit: Exiting.
[2018.11.23-12.56.12:044][201]Log file closed, 11/23/18 14:56:12
